-------------------------------------------------------------------------------
Test set: com.votrepackage.controller.TaskControllerTest
-------------------------------------------------------------------------------
Tests run: 1, Failures: 0, Errors: 1, Skipped: 0, Time elapsed: 0.495 s <<< FAILURE! - in com.votrepackage.controller.TaskControllerTest
com.votrepackage.controller.TaskControllerTest  Time elapsed: 0.494 s  <<< ERROR!
java.lang.IllegalStateException: Unable to find a @SpringBootConfiguration, you need to use @ContextConfiguration or @SpringBootTest(classes=...) with your test

